<?xml version="1.0" encoding="UTF-8"?>
<!-- Generated by org.testng.reporters.JUnitReportReporter -->
<testsuite skipped="0" hostname="HelloWorld" name="com.vdcoding.testngDemo.tests.StandardTest4" tests="6" failures="0" timestamp="01 五月 2018 10:16:05 GMT" time="0.000" errors="0">
  <testcase name="test3" time="0.000" classname="com.vdcoding.testngDemo.tests.StandardTest4"/>
  <testcase name="test2" time="0.000" classname="com.vdcoding.testngDemo.tests.StandardTest4"/>
  <testcase name="test1" time="0.000" classname="com.vdcoding.testngDemo.tests.StandardTest4"/>
  <testcase name="test1" time="0.000" classname="com.vdcoding.testngDemo.tests.StandardTest4"/>
  <testcase name="test2" time="0.000" classname="com.vdcoding.testngDemo.tests.StandardTest4"/>
  <testcase name="test4" time="0.000" classname="com.vdcoding.testngDemo.tests.StandardTest4"/>
</testsuite> <!-- com.vdcoding.testngDemo.tests.StandardTest4 -->
