<?xml version="1.0" encoding="UTF-8"?>
<!-- Generated by org.testng.reporters.JUnitReportReporter -->
<testsuite skipped="0" hostname="HelloWorld" name="com.vdcoding.testngDemo.tests.StandardTest3" tests="3" failures="0" timestamp="01 五月 2018 10:16:05 GMT" time="0.010" errors="0">
  <testcase name="test2" time="0.010" classname="com.vdcoding.testngDemo.tests.StandardTest3"/>
  <testcase name="test1" time="0.000" classname="com.vdcoding.testngDemo.tests.StandardTest3"/>
  <testcase name="test1" time="0.000" classname="com.vdcoding.testngDemo.tests.StandardTest3"/>
</testsuite> <!-- com.vdcoding.testngDemo.tests.StandardTest3 -->
